Date: Thu Jan  9 14:28:08 2020
TMB Compile Type: c
Firmware Vers.: XXX

# Trials  : 		1000
# Success : 		980
# Errors  : 		20

Error 1: 20
Error 2: 0
Error 3: 0
Error 4: 0
~~~~~~~~~~~~~~~~~~~~~~~~~~~~~~~~~~~~~~~~~~~~~~
~~~~~~~~~~Original Pattern Set~~~~~~~~~~~~~~~~
prefix: Cam

CSC
bx	key	pid	Nhit		{ (bx,ly,hs) }
71	70	4	4	{ (0,4,0) (0,2,1) (0,0,2) (0,-4,5) }
79	128	3	6	{ (0,0,2) (0,2,3) (0,4,4) (0,5,5) }
80	159	2	6	{ (0,5,0) (0,2,1) (0,0,2) (0,-2,3) (0,-4,4) (0,-5,5) }
100	67	4	6	{ (0,4,0) (0,2,1) (0,0,2) (0,-2,3) (0,-4,4) (0,-4,5) }

GEM
bx	roll	pad	size	layer
0	2	2	5	1
3	2	1	2	2
